<?xml version="1.0" encoding="UTF-8"?>
<!-- Generated by org.testng.reporters.JUnitXMLReporter -->
<testsuite hostname="Praveen-PC" ignored="0" name="Default test" tests="2" failures="0" timestamp="2020-02-23T10:55:53 IST" time="0.095" errors="0">
  <testcase name="@BeforeMethod createLogin" time="-1.582435553793E9" classname="week5.day1.framework.CreateLead">
    <failure type="org.testng.TestNGException" message="
Parameter &amp;apos;url&amp;apos; is required by BeforeMethod on method createLogin but has not been marked @Optional or defined
in C:\Users\SPP\AppData\Local\Temp\testng-eclipse-1944874290\testng-customsuite.xml">
      <![CDATA[org.testng.TestNGException: 
Parameter 'url' is required by BeforeMethod on method createLogin but has not been marked @Optional or defined
in C:\Users\SPP\AppData\Local\Temp\testng-eclipse-1944874290\testng-customsuite.xml
at org.testng.internal.Parameters.createParams(Parameters.java:289)
at org.testng.internal.Parameters.createParametersForMethod(Parameters.java:377)
at org.testng.internal.Parameters.createParameters(Parameters.java:721)
at org.testng.internal.Parameters.createConfigurationParameters(Parameters.java:164)
at org.testng.internal.ConfigInvoker.invokeConfigurations(ConfigInvoker.java:275)
at org.testng.internal.TestInvoker.runConfigMethods(TestInvoker.java:683)
at org.testng.internal.TestInvoker.invokeMethod(TestInvoker.java:510)
at org.testng.internal.TestInvoker.invokeTestMethod(TestInvoker.java:172)
at org.testng.internal.MethodRunner.runInSequence(MethodRunner.java:46)
at org.testng.internal.TestInvoker$MethodInvocationAgent.invoke(TestInvoker.java:804)
at org.testng.internal.TestInvoker.invokeTestMethods(TestInvoker.java:145)
at org.testng.internal.TestMethodWorker.invokeTestMethods(TestMethodWorker.java:146)
at org.testng.internal.TestMethodWorker.run(TestMethodWorker.java:128)
at java.util.ArrayList.forEach(Unknown Source)
at org.testng.TestRunner.privateRun(TestRunner.java:770)
at org.testng.TestRunner.run(TestRunner.java:591)
at org.testng.SuiteRunner.runTest(SuiteRunner.java:402)
at org.testng.SuiteRunner.runSequentially(SuiteRunner.java:396)
at org.testng.SuiteRunner.privateRun(SuiteRunner.java:355)
at org.testng.SuiteRunner.run(SuiteRunner.java:304)
at org.testng.SuiteRunnerWorker.runSuite(SuiteRunnerWorker.java:53)
at org.testng.SuiteRunnerWorker.run(SuiteRunnerWorker.java:96)
at org.testng.TestNG.runSuitesSequentially(TestNG.java:1180)
at org.testng.TestNG.runSuitesLocally(TestNG.java:1102)
at org.testng.TestNG.runSuites(TestNG.java:1032)
at org.testng.TestNG.run(TestNG.java:1000)
at org.testng.remote.AbstractRemoteTestNG.run(AbstractRemoteTestNG.java:115)
at org.testng.remote.RemoteTestNG.initAndRun(RemoteTestNG.java:251)
at org.testng.remote.RemoteTestNG.main(RemoteTestNG.java:77)
]]>
    </failure>
  </testcase> <!-- @BeforeMethod createLogin -->
  <testcase name="@AfterMethod logout" time="-1.582435553823E9" classname="week5.day1.framework.CreateLead">
    <skipped/>
  </testcase> <!-- @AfterMethod logout -->
  <testcase name="@BeforeMethod createLogin" time="-1.582435553823E9" classname="week5.day1.framework.CreateLead">
    <skipped/>
  </testcase> <!-- @BeforeMethod createLogin -->
  <testcase name="@AfterMethod logout" time="-1.582435553833E9" classname="week5.day1.framework.CreateLead">
    <skipped/>
  </testcase> <!-- @AfterMethod logout -->
  <testcase name="pgm" time="0.0" classname="week5.day1.framework.CreateLead">
    <skipped/>
  </testcase> <!-- pgm -->
  <testcase name="pgm" time="0.0" classname="week5.day1.framework.CreateLead">
    <skipped/>
  </testcase> <!-- pgm -->
</testsuite> <!-- Default test -->
